#
# A fatal error has been detected by the Java Runtime Environment:
#
#  SIGSEGV (0xb) at pc=0x0000000118581eaa, pid=4076, tid=0x0000000000005c03
#
# JRE version: Java(TM) SE Runtime Environment (8.0_131-b11) (build 1.8.0_131-b11)
# Java VM: Java HotSpot(TM) 64-Bit Server VM (25.131-b11 mixed mode bsd-amd64 compressed oops)
# Problematic frame:
# v  ~RuntimeStub::register_finalizer Runtime1 stub
#
# Failed to write core dump. Core dumps have been disabled. To enable core dumping, try "ulimit -c unlimited" before starting Java again
#
# If you would like to submit a bug report, please visit:
#   http://bugreport.java.com/bugreport/crash.jsp
#

---------------  T H R E A D  ---------------

Current thread (0x00007ff9f2dd0800):  JavaThread "http-nio-8080-exec-5" daemon [_thread_in_Java, id=23555, stack(0x0000700008704000,0x0000700008804000)]

siginfo: si_signo: 11 (SIGSEGV), si_code: 1 (SEGV_MAPERR), si_addr: 0x00000000b45c875c

Registers:
RAX=0x00000001168b9498, RBX=0x0000000111da4480, RCX=0x00000001168b9498, RDX=0x000000011848e2bd
RSP=0x00007000087f8248, RBP=0x00007000087f82e8, RSI=0x00000000b45c86c0, RDI=0x00000001168b9498
R8 =0x000000009b5dd649, R9 =0x00000000000000d4, R10=0x000000010f6f3870, R11=0x000000011858d7c0
R12=0x0000000000000000, R13=0x00007000087f82a0, R14=0x00007000087f83a8, R15=0x00007ff9f2dd0800
RIP=0x0000000118581eaa, EFLAGS=0x0000000000010206, ERR=0x0000000000000004
  TRAPNO=0x000000000000000e

Top of Stack: (sp=0x00007000087f8248)
0x00007000087f8248:   000000011858d7d9 00000001168c922e
0x00007000087f8258:   00007000087f82a0 00000001173b4260
0x00007000087f8268:   0000000000000000 00000001168b9498
0x00007000087f8278:   0000000000000000 00007000087f82e8
0x00007000087f8288:   000000011848e2bd 000000011848e040
0x00007000087f8298:   000000011848e2bd 00000001168b9498
0x00007000087f82a8:   00007000087f82a8 00000001168b9151
0x00007000087f82b8:   00007000087f83a8 00000001173b4260
0x00007000087f82c8:   0000000000000000 00000001168b9498
0x00007000087f82d8:   00007000087f82a0 00007000087f8358
0x00007000087f82e8:   00007000087f83c0 00000001184867a7
0x00007000087f82f8:   0000000000000000 0000000000000000
0x00007000087f8308:   0000000000000000 0000000000000000
0x00007000087f8318:   0000000000000000 0000000000000000
0x00007000087f8328:   0000000000000000 0000000000000000
0x00007000087f8338:   0000000000000000 0000000000000000
0x00007000087f8348:   0000000000000000 00000007bbbf4780
0x00007000087f8358:   00000007b5928e68 0000000100001fa0
0x00007000087f8368:   000000000000000c 00007ff9f2dd0800
0x00007000087f8378:   0000000000000001 000000011848671f
0x00007000087f8388:   00000001168b9498 00007000087f8458
0x00007000087f8398:   00007000087f87b0 000000010000000c
0x00007000087f83a8:   00000001168b9498 0000000118498c80
0x00007000087f83b8:   00007ff9f49124e8 00007000087f8570
0x00007000087f83c8:   000000010f0ee5b6 0000000000000001
0x00007000087f83d8:   00007ff9f2dd0800 00007ff9f2dd0800
0x00007000087f83e8:   00007000087f87b0 00007ff9f4912960
0x00007000087f83f8:   0000000118498c80 01007000087f8460
0x00007000087f8408:   00007000087f87b8 00007000087f87a8
0x00007000087f8418:   00007ff9f2dd0800 00007ff9f2dd0800
0x00007000087f8428:   00007ff9f4911d10 00007ff9f49128c0
0x00007000087f8438:   00007ff9f4912978 00007ff9f49129a8 

Instructions: (pc=0x0000000118581eaa)
0x0000000118581e8a:   00 00 00 00 00 00 f5 64 39 64 00 00 00 00 00 00
0x0000000118581e9a:   00 00 00 00 00 00 48 8b c7 8b 70 08 48 c1 e6 03
0x0000000118581eaa:   8b b6 9c 00 00 00 f7 c6 00 00 00 40 0f 85 01 00
0x0000000118581eba:   00 00 c3 55 48 8b ec 48 89 64 24 d8 48 81 ec 80 

Register to memory mapping:

RAX={method} {0x00000001168b9498} '<init>' '(Ljava/lang/Long;Ljava/lang/String;Ljava/lang/String;Ljava/lang/String;Ljava/lang/String;Ljava/lang/String;Ljava/lang/String;Ljava/lang/String;Lusertrackingsystem/UserStates;Lusertrackingsystem/UserTypes;)V' in 'usertrackingsystem/User'
RBX={method} {0x0000000111da4480} '<init>' '()V' in 'java/lang/Object'
RCX={method} {0x00000001168b9498} '<init>' '(Ljava/lang/Long;Ljava/lang/String;Ljava/lang/String;Ljava/lang/String;Ljava/lang/String;Ljava/lang/String;Ljava/lang/String;Ljava/lang/String;Lusertrackingsystem/UserStates;Lusertrackingsystem/UserTypes;)V' in 'usertrackingsystem/User'
RDX=0x000000011848e2bd is at code_begin+2301 in an Interpreter codelet
invoke return entry points  [0x000000011848d9c0, 0x000000011848e3a0]  2528 bytes
RSP=0x00007000087f8248 is pointing into the stack for thread: 0x00007ff9f2dd0800
RBP=0x00007000087f82e8 is pointing into the stack for thread: 0x00007ff9f2dd0800
RSI=0x00000000b45c86c0 is an unknown value
RDI={method} {0x00000001168b9498} '<init>' '(Ljava/lang/Long;Ljava/lang/String;Ljava/lang/String;Ljava/lang/String;Ljava/lang/String;Ljava/lang/String;Ljava/lang/String;Ljava/lang/String;Lusertrackingsystem/UserStates;Lusertrackingsystem/UserTypes;)V' in 'usertrackingsystem/User'
R8 =0x000000009b5dd649 is an unknown value
R9 =0x00000000000000d4 is an unknown value
R10=0x000000010f6f3870: _ZN19TemplateInterpreter20_invoke_return_entryE+0 in /Library/Java/JavaVirtualMachines/jdk1.8.0_131.jdk/Contents/Home/jre/lib/server/libjvm.dylib at 0x000000010ee00000
R11=0x000000011858d7c0 is at entry_point+32 in (nmethod*)0x000000011858d650
R12=0x0000000000000000 is an unknown value
R13=0x00007000087f82a0 is pointing into the stack for thread: 0x00007ff9f2dd0800
R14=0x00007000087f83a8 is pointing into the stack for thread: 0x00007ff9f2dd0800
R15=0x00007ff9f2dd0800 is a thread


Stack: [0x0000700008704000,0x0000700008804000],  sp=0x00007000087f8248,  free space=976k
Native frames: (J=compiled Java code, j=interpreted, Vv=VM code, C=native code)
v  ~RuntimeStub::register_finalizer Runtime1 stub
C  0x00007ff9f2dd0800


---------------  P R O C E S S  ---------------

Java Threads: ( => current thread )
  0x00007ff9f1b0c800 JavaThread "DestroyJavaVM" [_thread_blocked, id=10243, stack(0x0000700006ebc000,0x0000700006fbc000)]
  0x00007ff9f1b0a000 JavaThread "Thread-6" daemon [_thread_blocked, id=38659, stack(0x0000700009328000,0x0000700009428000)]
  0x00007ff9f2dde800 JavaThread "Thread-8" [_thread_blocked, id=25603, stack(0x0000700009225000,0x0000700009325000)]
  0x00007ff9f31fc000 JavaThread "Thread-7" daemon [_thread_blocked, id=39427, stack(0x0000700009122000,0x0000700009222000)]
  0x00007ff9f4325000 JavaThread "http-nio-8080-AsyncTimeout" daemon [_thread_blocked, id=39939, stack(0x000070000901f000,0x000070000911f000)]
  0x00007ff9f1af7800 JavaThread "http-nio-8080-Acceptor-0" daemon [_thread_in_native, id=25347, stack(0x0000700008f1c000,0x000070000901c000)]
  0x00007ff9f2dd6800 JavaThread "http-nio-8080-ClientPoller-1" daemon [_thread_in_native, id=24835, stack(0x0000700008e19000,0x0000700008f19000)]
  0x00007ff9f2dd5800 JavaThread "http-nio-8080-ClientPoller-0" daemon [_thread_in_native, id=40451, stack(0x0000700008d16000,0x0000700008e16000)]
  0x00007ff9f4324800 JavaThread "http-nio-8080-exec-10" daemon [_thread_blocked, id=24323, stack(0x0000700008c13000,0x0000700008d13000)]
  0x00007ff9f185c000 JavaThread "http-nio-8080-exec-9" daemon [_thread_blocked, id=41219, stack(0x0000700008b10000,0x0000700008c10000)]
  0x00007ff9f4323800 JavaThread "http-nio-8080-exec-8" daemon [_thread_blocked, id=41475, stack(0x0000700008a0d000,0x0000700008b0d000)]
  0x00007ff9f4323000 JavaThread "http-nio-8080-exec-7" daemon [_thread_blocked, id=41731, stack(0x000070000890a000,0x0000700008a0a000)]
  0x00007ff9f4322000 JavaThread "http-nio-8080-exec-6" daemon [_thread_blocked, id=42243, stack(0x0000700008807000,0x0000700008907000)]
=>0x00007ff9f2dd0800 JavaThread "http-nio-8080-exec-5" daemon [_thread_in_Java, id=23555, stack(0x0000700008704000,0x0000700008804000)]
  0x00007ff9f4321800 JavaThread "http-nio-8080-exec-4" daemon [_thread_blocked, id=23299, stack(0x0000700008601000,0x0000700008701000)]
  0x00007ff9f185b000 JavaThread "http-nio-8080-exec-3" daemon [_thread_blocked, id=22787, stack(0x00007000084fe000,0x00007000085fe000)]
  0x00007ff9f4319000 JavaThread "http-nio-8080-exec-2" daemon [_thread_blocked, id=22275, stack(0x00007000083fb000,0x00007000084fb000)]
  0x00007ff9f431e800 JavaThread "http-nio-8080-exec-1" daemon [_thread_blocked, id=22019, stack(0x00007000082f8000,0x00007000083f8000)]
  0x00007ff9f1af2800 JavaThread "NioBlockingSelector.BlockPoller-1" daemon [_thread_in_native, id=21763, stack(0x00007000081f5000,0x00007000082f5000)]
  0x00007ff9f32da800 JavaThread "container-0" [_thread_blocked, id=16387, stack(0x00007000080f2000,0x00007000081f2000)]
  0x00007ff9f1acc800 JavaThread "ContainerBackgroundProcessor[StandardEngine[Tomcat]]" daemon [_thread_blocked, id=15623, stack(0x0000700007fef000,0x00007000080ef000)]
  0x00007ff9f182a000 JavaThread "Tomcat JDBC Pool Cleaner[414493378:1524913150959]" daemon [_thread_blocked, id=3591, stack(0x0000700007de9000,0x0000700007ee9000)]
  0x00007ff9f2959800 JavaThread "FileSystemWatcher: files=#43 cl=sun.misc.Launcher$AppClassLoader@18b4aac2" daemon [_thread_blocked, id=14851, stack(0x0000700007ce6000,0x0000700007de6000)]
  0x00007ff9f180d800 JavaThread "Service Thread" daemon [_thread_blocked, id=17667, stack(0x0000700007ae0000,0x0000700007be0000)]
  0x00007ff9f181b800 JavaThread "C1 CompilerThread2" daemon [_thread_blocked, id=17923, stack(0x00007000079dd000,0x0000700007add000)]
  0x00007ff9f319d800 JavaThread "C2 CompilerThread1" daemon [_thread_blocked, id=18179, stack(0x00007000078da000,0x00007000079da000)]
  0x00007ff9f238b000 JavaThread "C2 CompilerThread0" daemon [_thread_blocked, id=13827, stack(0x00007000077d7000,0x00007000078d7000)]
  0x00007ff9f1810800 JavaThread "Signal Dispatcher" daemon [_thread_blocked, id=13319, stack(0x00007000076d4000,0x00007000077d4000)]
  0x00007ff9f2870000 JavaThread "Finalizer" daemon [_thread_blocked, id=20227, stack(0x00007000075d1000,0x00007000076d1000)]
  0x00007ff9f286d800 JavaThread "Reference Handler" daemon [_thread_blocked, id=20483, stack(0x00007000074ce000,0x00007000075ce000)]

Other Threads:
  0x00007ff9f1821000 VMThread [stack: 0x00007000073cb000,0x00007000074cb000] [id=11267]
  0x00007ff9f238b800 WatcherThread [stack: 0x0000700007be3000,0x0000700007ce3000] [id=17411]

VM state:not at safepoint (normal execution)

VM Mutex/Monitor currently owned by a thread: None

Heap:
 PSYoungGen      total 211968K, used 183594K [0x00000007b0000000, 0x00000007c0000000, 0x00000007c0000000)
  eden space 177152K, 84% used [0x00000007b0000000,0x00000007b91c7130,0x00000007bad00000)
  from space 34816K, 98% used [0x00000007bad00000,0x00000007bce83718,0x00000007bcf00000)
  to   space 45568K, 0% used [0x00000007bd380000,0x00000007bd380000,0x00000007c0000000)
 ParOldGen       total 524288K, used 85414K [0x0000000790000000, 0x00000007b0000000, 0x00000007b0000000)
  object space 524288K, 16% used [0x0000000790000000,0x0000000795369a00,0x00000007b0000000)
 Metaspace       used 69084K, capacity 73189K, committed 73368K, reserved 1112064K
  class space    used 9140K, capacity 10319K, committed 10416K, reserved 1048576K

Card table byte_map: [0x00000001101a3000,0x0000000110324000] byte_map_base: 0x000000010c523000

Marking Bits: (ParMarkBitMap*) 0x000000010f6f1ea0
 Begin Bits: [0x0000000110424000, 0x0000000111024000)
 End Bits:   [0x0000000111024000, 0x0000000111c24000)

Polling page: 0x000000010e56a000

CodeCache: size=245760Kb used=20323Kb max_used=20323Kb free=225436Kb
 bounds [0x0000000118486000, 0x0000000119876000, 0x0000000127486000]
 total_blobs=9771 nmethods=8983 adapters=699
 compilation: enabled

Compilation events (10 events):
Event: 212.076 Thread 0x00007ff9f181b800 9273       1       sun.util.calendar.CalendarDate::isNormalized (5 bytes)
Event: 212.076 Thread 0x00007ff9f181b800 nmethod 9273 0x0000000119861910 code [0x0000000119861a60, 0x0000000119861b70]
Event: 212.082 Thread 0x00007ff9f181b800 9274       1       org.codehaus.groovy.runtime.typehandling.DefaultTypeTransformation::arrayAsCollection (8 bytes)
Event: 212.082 Thread 0x00007ff9f181b800 nmethod 9274 0x0000000119861bd0 code [0x0000000119861d40, 0x0000000119861f48]
Event: 212.082 Thread 0x00007ff9f181b800 9275       1       grails.util.GrailsNameUtils::getNaturalName (366 bytes)
Event: 212.085 Thread 0x00007ff9f181b800 nmethod 9275 0x00000001198620d0 code [0x00000001198625e0, 0x00000001198644a8]
Event: 212.085 Thread 0x00007ff9f181b800 9276       1       sun.reflect.UnsafeQualifiedStaticIntegerFieldAccessorImpl::get (13 bytes)
Event: 212.085 Thread 0x00007ff9f181b800 nmethod 9276 0x00000001198669d0 code [0x0000000119866b20, 0x0000000119866c90]
Event: 212.085 Thread 0x00007ff9f181b800 9277       1       sun.reflect.UnsafeQualifiedStaticIntegerFieldAccessorImpl::getInt (15 bytes)
Event: 212.085 Thread 0x00007ff9f181b800 nmethod 9277 0x0000000119866d50 code [0x0000000119866ea0, 0x0000000119866fb0]

GC Heap History (10 events):
Event: 21.497 GC heap before
{Heap before GC invocations=26 (full 3):
 PSYoungGen      total 231936K, used 215624K [0x00000007b0000000, 0x00000007c0000000, 0x00000007c0000000)
  eden space 200192K, 100% used [0x00000007b0000000,0x00000007bc380000,0x00000007bc380000)
  from space 31744K, 48% used [0x00000007be100000,0x00000007bf0122d0,0x00000007c0000000)
  to   space 30208K, 0% used [0x00000007bc380000,0x00000007bc380000,0x00000007be100000)
 ParOldGen       total 524288K, used 81182K [0x0000000790000000, 0x00000007b0000000, 0x00000007b0000000)
  object space 524288K, 15% used [0x0000000790000000,0x0000000794f47b38,0x00000007b0000000)
 Metaspace       used 65388K, capacity 68091K, committed 68376K, reserved 1107968K
  class space    used 8523K, capacity 9409K, committed 9520K, reserved 1048576K
Event: 21.514 GC heap after
Heap after GC invocations=26 (full 3):
 PSYoungGen      total 230400K, used 20533K [0x00000007b0000000, 0x00000007c0000000, 0x00000007c0000000)
  eden space 200192K, 0% used [0x00000007b0000000,0x00000007b0000000,0x00000007bc380000)
  from space 30208K, 67% used [0x00000007bc380000,0x00000007bd78d580,0x00000007be100000)
  to   space 31232K, 0% used [0x00000007be180000,0x00000007be180000,0x00000007c0000000)
 ParOldGen       total 524288K, used 81190K [0x0000000790000000, 0x00000007b0000000, 0x00000007b0000000)
  object space 524288K, 15% used [0x0000000790000000,0x0000000794f49b38,0x00000007b0000000)
 Metaspace       used 65388K, capacity 68091K, committed 68376K, reserved 1107968K
  class space    used 8523K, capacity 9409K, committed 9520K, reserved 1048576K
}
Event: 23.776 GC heap before
{Heap before GC invocations=27 (full 3):
 PSYoungGen      total 230400K, used 220725K [0x00000007b0000000, 0x00000007c0000000, 0x00000007c0000000)
  eden space 200192K, 100% used [0x00000007b0000000,0x00000007bc380000,0x00000007bc380000)
  from space 30208K, 67% used [0x00000007bc380000,0x00000007bd78d580,0x00000007be100000)
  to   space 31232K, 0% used [0x00000007be180000,0x00000007be180000,0x00000007c0000000)
 ParOldGen       total 524288K, used 81190K [0x0000000790000000, 0x00000007b0000000, 0x00000007b0000000)
  object space 524288K, 15% used [0x0000000790000000,0x0000000794f49b38,0x00000007b0000000)
 Metaspace       used 66223K, capacity 69345K, committed 69656K, reserved 1110016K
  class space    used 8702K, capacity 9735K, committed 9776K, reserved 1048576K
Event: 23.794 GC heap after
Heap after GC invocations=27 (full 3):
 PSYoungGen      total 227840K, used 23311K [0x00000007b0000000, 0x00000007c0000000, 0x00000007c0000000)
  eden space 196608K, 0% used [0x00000007b0000000,0x00000007b0000000,0x00000007bc000000)
  from space 31232K, 74% used [0x00000007be180000,0x00000007bf843c68,0x00000007c0000000)
  to   space 32768K, 0% used [0x00000007bc000000,0x00000007bc000000,0x00000007be000000)
 ParOldGen       total 524288K, used 81198K [0x0000000790000000, 0x00000007b0000000, 0x00000007b0000000)
  object space 524288K, 15% used [0x0000000790000000,0x0000000794f4bb38,0x00000007b0000000)
 Metaspace       used 66223K, capacity 69345K, committed 69656K, reserved 1110016K
  class space    used 8702K, capacity 9735K, committed 9776K, reserved 1048576K
}
Event: 60.974 GC heap before
{Heap before GC invocations=28 (full 3):
 PSYoungGen      total 227840K, used 219919K [0x00000007b0000000, 0x00000007c0000000, 0x00000007c0000000)
  eden space 196608K, 100% used [0x00000007b0000000,0x00000007bc000000,0x00000007bc000000)
  from space 31232K, 74% used [0x00000007be180000,0x00000007bf843c68,0x00000007c0000000)
  to   space 32768K, 0% used [0x00000007bc000000,0x00000007bc000000,0x00000007be000000)
 ParOldGen       total 524288K, used 81198K [0x0000000790000000, 0x00000007b0000000, 0x00000007b0000000)
  object space 524288K, 15% used [0x0000000790000000,0x0000000794f4bb38,0x00000007b0000000)
 Metaspace       used 67487K, capacity 70953K, committed 71192K, reserved 1110016K
  class space    used 8879K, capacity 9946K, committed 10032K, reserved 1048576K
Event: 61.002 GC heap after
Heap after GC invocations=28 (full 3):
 PSYoungGen      total 229376K, used 32741K [0x00000007b0000000, 0x00000007c0000000, 0x00000007c0000000)
  eden space 196608K, 0% used [0x00000007b0000000,0x00000007b0000000,0x00000007bc000000)
  from space 32768K, 99% used [0x00000007bc000000,0x00000007bdff9638,0x00000007be000000)
  to   space 32768K, 0% used [0x00000007be000000,0x00000007be000000,0x00000007c0000000)
 ParOldGen       total 524288K, used 82444K [0x0000000790000000, 0x00000007b0000000, 0x00000007b0000000)
  object space 524288K, 15% used [0x0000000790000000,0x00000007950831e0,0x00000007b0000000)
 Metaspace       used 67487K, capacity 70953K, committed 71192K, reserved 1110016K
  class space    used 8879K, capacity 9946K, committed 10032K, reserved 1048576K
}
Event: 110.415 GC heap before
{Heap before GC invocations=29 (full 3):
 PSYoungGen      total 229376K, used 229349K [0x00000007b0000000, 0x00000007c0000000, 0x00000007c0000000)
  eden space 196608K, 100% used [0x00000007b0000000,0x00000007bc000000,0x00000007bc000000)
  from space 32768K, 99% used [0x00000007bc000000,0x00000007bdff9638,0x00000007be000000)
  to   space 32768K, 0% used [0x00000007be000000,0x00000007be000000,0x00000007c0000000)
 ParOldGen       total 524288K, used 82444K [0x0000000790000000, 0x00000007b0000000, 0x00000007b0000000)
  object space 524288K, 15% used [0x0000000790000000,0x00000007950831e0,0x00000007b0000000)
 Metaspace       used 68336K, capacity 72103K, committed 72344K, reserved 1112064K
  class space    used 8997K, capacity 10122K, committed 10160K, reserved 1048576K
Event: 110.441 GC heap after
Heap after GC invocations=29 (full 3):
 PSYoungGen      total 209920K, used 32767K [0x00000007b0000000, 0x00000007c0000000, 0x00000007c0000000)
  eden space 177152K, 0% used [0x00000007b0000000,0x00000007b0000000,0x00000007bad00000)
  from space 32768K, 99% used [0x00000007be000000,0x00000007bffffe00,0x00000007c0000000)
  to   space 42496K, 0% used [0x00000007bad00000,0x00000007bad00000,0x00000007bd680000)
 ParOldGen       total 524288K, used 85406K [0x0000000790000000, 0x00000007b0000000, 0x00000007b0000000)
  object space 524288K, 16% used [0x0000000790000000,0x0000000795367a00,0x00000007b0000000)
 Metaspace       used 68336K, capacity 72103K, committed 72344K, reserved 1112064K
  class space    used 8997K, capacity 10122K, committed 10160K, reserved 1048576K
}
Event: 202.508 GC heap before
{Heap before GC invocations=30 (full 3):
 PSYoungGen      total 209920K, used 209919K [0x00000007b0000000, 0x00000007c0000000, 0x00000007c0000000)
  eden space 177152K, 100% used [0x00000007b0000000,0x00000007bad00000,0x00000007bad00000)
  from space 32768K, 99% used [0x00000007be000000,0x00000007bffffe00,0x00000007c0000000)
  to   space 42496K, 0% used [0x00000007bad00000,0x00000007bad00000,0x00000007bd680000)
 ParOldGen       total 524288K, used 85406K [0x0000000790000000, 0x00000007b0000000, 0x00000007b0000000)
  object space 524288K, 16% used [0x0000000790000000,0x0000000795367a00,0x00000007b0000000)
 Metaspace       used 68668K, capacity 72661K, committed 72728K, reserved 1112064K
  class space    used 9074K, capacity 10225K, committed 10288K, reserved 1048576K
Event: 202.539 GC heap after
Heap after GC invocations=30 (full 3):
 PSYoungGen      total 211968K, used 34317K [0x00000007b0000000, 0x00000007c0000000, 0x00000007c0000000)
  eden space 177152K, 0% used [0x00000007b0000000,0x00000007b0000000,0x00000007bad00000)
  from space 34816K, 98% used [0x00000007bad00000,0x00000007bce83718,0x00000007bcf00000)
  to   space 45568K, 0% used [0x00000007bd380000,0x00000007bd380000,0x00000007c0000000)
 ParOldGen       total 524288K, used 85414K [0x0000000790000000, 0x00000007b0000000, 0x00000007b0000000)
  object space 524288K, 16% used [0x0000000790000000,0x0000000795369a00,0x00000007b0000000)
 Metaspace       used 68668K, capacity 72661K, committed 72728K, reserved 1112064K
  class space    used 9074K, capacity 10225K, committed 10288K, reserved 1048576K
}

Deoptimization events (0 events):
No events

Internal exceptions (10 events):
Event: 205.004 Thread 0x00007ff9f185b000 Exception <a 'java/lang/ClassCastException'> (0x00000007b3b055e0) thrown at [/Users/java_re/workspace/8-2-build-macosx-x86_64/jdk8u131/8869/hotspot/src/share/vm/runtime/sharedRuntime.cpp, line 605]
Event: 205.004 Thread 0x00007ff9f185b000 Exception <a 'java/lang/ClassCastException'> (0x00000007b3b08a08) thrown at [/Users/java_re/workspace/8-2-build-macosx-x86_64/jdk8u131/8869/hotspot/src/share/vm/runtime/sharedRuntime.cpp, line 605]
Event: 211.905 Thread 0x00007ff9f185c000 Exception <a 'java/lang/ArrayIndexOutOfBoundsException'> (0x00000007b53763d8) thrown at [/Users/java_re/workspace/8-2-build-macosx-x86_64/jdk8u131/8869/hotspot/src/share/vm/runtime/sharedRuntime.cpp, line 605]
Event: 211.905 Thread 0x00007ff9f185c000 Exception <a 'java/lang/ArrayIndexOutOfBoundsException'> (0x00000007b537f768) thrown at [/Users/java_re/workspace/8-2-build-macosx-x86_64/jdk8u131/8869/hotspot/src/share/vm/runtime/sharedRuntime.cpp, line 605]
Event: 211.905 Thread 0x00007ff9f185c000 Exception <a 'java/lang/ArrayIndexOutOfBoundsException'> (0x00000007b538a500) thrown at [/Users/java_re/workspace/8-2-build-macosx-x86_64/jdk8u131/8869/hotspot/src/share/vm/runtime/sharedRuntime.cpp, line 605]
Event: 211.905 Thread 0x00007ff9f185c000 Exception <a 'java/lang/ArrayIndexOutOfBoundsException'> (0x00000007b5393890) thrown at [/Users/java_re/workspace/8-2-build-macosx-x86_64/jdk8u131/8869/hotspot/src/share/vm/runtime/sharedRuntime.cpp, line 605]
Event: 211.907 Thread 0x00007ff9f185c000 Exception <a 'java/lang/ArrayIndexOutOfBoundsException'> (0x00000007b53ef2e8) thrown at [/Users/java_re/workspace/8-2-build-macosx-x86_64/jdk8u131/8869/hotspot/src/share/vm/runtime/sharedRuntime.cpp, line 605]
Event: 211.907 Thread 0x00007ff9f185c000 Exception <a 'java/lang/ArrayIndexOutOfBoundsException'> (0x00000007b53f8678) thrown at [/Users/java_re/workspace/8-2-build-macosx-x86_64/jdk8u131/8869/hotspot/src/share/vm/runtime/sharedRuntime.cpp, line 605]
Event: 212.030 Thread 0x00007ff9f2dd0800 Exception <a 'java/lang/ClassNotFoundException': Users_giivanov_IntelliJWorkspace_UserTrackingSystem_grails_app_views_task_show_gspBeanInfo> (0x00000007b83f5910) thrown at [/Users/java_re/workspace/8-2-build-macosx-x86_64/jdk8u131/8869/hotspot/src/share/v
Event: 212.031 Thread 0x00007ff9f2dd0800 Exception <a 'java/lang/ClassNotFoundException': Users_giivanov_IntelliJWorkspace_UserTrackingSystem_grails_app_views_task_show_gspCustomizer> (0x00000007b8466d68) thrown at [/Users/java_re/workspace/8-2-build-macosx-x86_64/jdk8u131/8869/hotspot/src/share

Events (10 events):
Event: 212.054 loading class groovy/runtime/metaclass/Users_giivanov_IntelliJWorkspace_UserTrackingSystem_grails_app_views_task_show_gsp$_run_closure2$_closure21MetaClass
Event: 212.054 loading class groovy/runtime/metaclass/Users_giivanov_IntelliJWorkspace_UserTrackingSystem_grails_app_views_task_show_gsp$_run_closure2$_closure21MetaClass done
Event: 212.055 loading class groovy/runtime/metaclass/Users_giivanov_IntelliJWorkspace_UserTrackingSystem_grails_app_views_task_show_gsp$_run_closure2$_closure22MetaClass
Event: 212.055 loading class groovy/runtime/metaclass/Users_giivanov_IntelliJWorkspace_UserTrackingSystem_grails_app_views_task_show_gsp$_run_closure2$_closure22MetaClass done
Event: 212.055 loading class groovy/runtime/metaclass/Users_giivanov_IntelliJWorkspace_UserTrackingSystem_grails_app_views_task_show_gsp$_run_closure2$_closure23MetaClass
Event: 212.055 loading class groovy/runtime/metaclass/Users_giivanov_IntelliJWorkspace_UserTrackingSystem_grails_app_views_task_show_gsp$_run_closure2$_closure23MetaClass done
Event: 212.056 loading class groovy/runtime/metaclass/Users_giivanov_IntelliJWorkspace_UserTrackingSystem_grails_app_views_task_show_gsp$_run_closure2$_closure24MetaClass
Event: 212.056 loading class groovy/runtime/metaclass/Users_giivanov_IntelliJWorkspace_UserTrackingSystem_grails_app_views_task_show_gsp$_run_closure2$_closure24MetaClass done
Event: 212.056 loading class groovy/runtime/metaclass/Users_giivanov_IntelliJWorkspace_UserTrackingSystem_grails_app_views_task_show_gsp$_run_closure2$_closure25MetaClass
Event: 212.056 loading class groovy/runtime/metaclass/Users_giivanov_IntelliJWorkspace_UserTrackingSystem_grails_app_views_task_show_gsp$_run_closure2$_closure25MetaClass done


Dynamic libraries:
0x000000001d14f000 	/System/Library/Frameworks/Cocoa.framework/Versions/A/Cocoa
0x000000001d14f000 	/System/Library/Frameworks/Security.framework/Versions/A/Security
0x000000001d14f000 	/System/Library/Frameworks/ApplicationServices.framework/Versions/A/ApplicationServices
0x000000001d14f000 	/usr/lib/libz.1.dylib
0x000000001d14f000 	/usr/lib/libSystem.B.dylib
0x000000001d14f000 	/usr/lib/libobjc.A.dylib
0x000000001d14f000 	/System/Library/Frameworks/CoreFoundation.framework/Versions/A/CoreFoundation
0x000000001d14f000 	/System/Library/Frameworks/Foundation.framework/Versions/C/Foundation
0x000000001d14f000 	/System/Library/Frameworks/AppKit.framework/Versions/C/AppKit
0x000000001d14f000 	/System/Library/Frameworks/CoreData.framework/Versions/A/CoreData
0x000000001d14f000 	/System/Library/PrivateFrameworks/RemoteViewServices.framework/Versions/A/RemoteViewServices
0x000000001d14f000 	/System/Library/PrivateFrameworks/UIFoundation.framework/Versions/A/UIFoundation
0x000000001d14f000 	/System/Library/PrivateFrameworks/DFRFoundation.framework/Versions/A/DFRFoundation
0x000000001d14f000 	/System/Library/Frameworks/Metal.framework/Versions/A/Metal
0x000000001d14f000 	/System/Library/PrivateFrameworks/DesktopServicesPriv.framework/Versions/A/DesktopServicesPriv
0x000000001d14f000 	/usr/lib/libenergytrace.dylib
0x000000001d14f000 	/System/Library/PrivateFrameworks/SkyLight.framework/Versions/A/SkyLight
0x000000001d14f000 	/System/Library/Frameworks/CoreGraphics.framework/Versions/A/CoreGraphics
0x000000001d14f000 	/usr/lib/libScreenReader.dylib
0x000000001d14f000 	/System/Library/Frameworks/Accelerate.framework/Versions/A/Accelerate
0x000000001d14f000 	/System/Library/Frameworks/IOSurface.framework/Versions/A/IOSurface
0x000000001d14f000 	/System/Library/Frameworks/AudioToolbox.framework/Versions/A/AudioToolbox
0x000000001d14f000 	/System/Library/Frameworks/AudioUnit.framework/Versions/A/AudioUnit
0x000000001d14f000 	/System/Library/PrivateFrameworks/DataDetectorsCore.framework/Versions/A/DataDetectorsCore
0x000000001d14f000 	/System/Library/Frameworks/Carbon.framework/Versions/A/Frameworks/HIToolbox.framework/Versions/A/HIToolbox
0x000000001d14f000 	/usr/lib/libicucore.A.dylib
0x000000001d14f000 	/System/Library/Frameworks/QuartzCore.framework/Versions/A/QuartzCore
0x000000001d14f000 	/System/Library/PrivateFrameworks/SignpostNotification.framework/Versions/A/SignpostNotification
0x000000001d14f000 	/System/Library/Frameworks/Carbon.framework/Versions/A/Frameworks/SpeechRecognition.framework/Versions/A/SpeechRecognition
0x000000001d14f000 	/usr/lib/libauto.dylib
0x000000001d14f000 	/usr/lib/libxml2.2.dylib
0x000000001d14f000 	/System/Library/PrivateFrameworks/CoreUI.framework/Versions/A/CoreUI
0x000000001d14f000 	/System/Library/Frameworks/CoreAudio.framework/Versions/A/CoreAudio
0x000000001d14f000 	/System/Library/Frameworks/DiskArbitration.framework/Versions/A/DiskArbitration
0x000000001d14f000 	/usr/lib/liblangid.dylib
0x000000001d14f000 	/System/Library/PrivateFrameworks/MultitouchSupport.framework/Versions/A/MultitouchSupport
0x000000001d14f000 	/System/Library/Frameworks/IOKit.framework/Versions/A/IOKit
0x000000001d14f000 	/usr/lib/libDiagnosticMessagesClient.dylib
0x000000001d14f000 	/System/Library/Frameworks/CoreServices.framework/Versions/A/CoreServices
0x000000001d14f000 	/System/Library/PrivateFrameworks/PerformanceAnalysis.framework/Versions/A/PerformanceAnalysis
0x000000001d14f000 	/System/Library/Frameworks/OpenGL.framework/Versions/A/OpenGL
0x000000001d14f000 	/System/Library/Frameworks/ColorSync.framework/Versions/A/ColorSync
0x000000001d14f000 	/System/Library/Frameworks/CoreImage.framework/Versions/A/CoreImage
0x000000001d14f000 	/System/Library/Frameworks/CoreText.framework/Versions/A/CoreText
0x000000001d14f000 	/System/Library/Frameworks/ImageIO.framework/Versions/A/ImageIO
0x000000001d14f000 	/System/Library/PrivateFrameworks/Backup.framework/Versions/A/Backup
0x000000001d14f000 	/usr/lib/libarchive.2.dylib
0x000000001d14f000 	/System/Library/Frameworks/CFNetwork.framework/Versions/A/CFNetwork
0x000000001d14f000 	/System/Library/Frameworks/SystemConfiguration.framework/Versions/A/SystemConfiguration
0x000000001d14f000 	/usr/lib/libCRFSuite.dylib
0x000000001d14f000 	/usr/lib/libc++.1.dylib
0x000000001d14f000 	/usr/lib/libc++abi.dylib
0x000000001d14f000 	/usr/lib/system/libcache.dylib
0x000000001d14f000 	/usr/lib/system/libcommonCrypto.dylib
0x000000001d14f000 	/usr/lib/system/libcompiler_rt.dylib
0x000000001d14f000 	/usr/lib/system/libcopyfile.dylib
0x000000001d14f000 	/usr/lib/system/libcorecrypto.dylib
0x000000001d14f000 	/usr/lib/system/libdispatch.dylib
0x000000001d14f000 	/usr/lib/system/libdyld.dylib
0x000000001d14f000 	/usr/lib/system/libkeymgr.dylib
0x000000001d14f000 	/usr/lib/system/liblaunch.dylib
0x000000001d14f000 	/usr/lib/system/libmacho.dylib
0x000000001d14f000 	/usr/lib/system/libquarantine.dylib
0x000000001d14f000 	/usr/lib/system/libremovefile.dylib
0x000000001d14f000 	/usr/lib/system/libsystem_asl.dylib
0x000000001d14f000 	/usr/lib/system/libsystem_blocks.dylib
0x000000001d14f000 	/usr/lib/system/libsystem_c.dylib
0x000000001d14f000 	/usr/lib/system/libsystem_configuration.dylib
0x000000001d14f000 	/usr/lib/system/libsystem_coreservices.dylib
0x000000001d14f000 	/usr/lib/system/libsystem_darwin.dylib
0x000000001d14f000 	/usr/lib/system/libsystem_dnssd.dylib
0x000000001d14f000 	/usr/lib/system/libsystem_info.dylib
0x000000001d14f000 	/usr/lib/system/libsystem_m.dylib
0x000000001d14f000 	/usr/lib/system/libsystem_malloc.dylib
0x000000001d14f000 	/usr/lib/system/libsystem_network.dylib
0x000000001d14f000 	/usr/lib/system/libsystem_networkextension.dylib
0x000000001d14f000 	/usr/lib/system/libsystem_notify.dylib
0x000000001d14f000 	/usr/lib/system/libsystem_sandbox.dylib
0x000000001d14f000 	/usr/lib/system/libsystem_secinit.dylib
0x000000001d14f000 	/usr/lib/system/libsystem_kernel.dylib
0x000000001d14f000 	/usr/lib/system/libsystem_platform.dylib
0x000000001d14f000 	/usr/lib/system/libsystem_pthread.dylib
0x000000001d14f000 	/usr/lib/system/libsystem_symptoms.dylib
0x000000001d14f000 	/usr/lib/system/libsystem_trace.dylib
0x000000001d14f000 	/usr/lib/system/libunwind.dylib
0x000000001d14f000 	/usr/lib/system/libxpc.dylib
0x000000001d14f000 	/usr/lib/closure/libclosured.dylib
0x000000001d14f000 	/usr/lib/libbsm.0.dylib
0x000000001d14f000 	/usr/lib/system/libkxld.dylib
0x000000001d14f000 	/usr/lib/libOpenScriptingUtil.dylib
0x000000001d14f000 	/usr/lib/libcoretls.dylib
0x000000001d14f000 	/usr/lib/libcoretls_cfhelpers.dylib
0x000000001d14f000 	/usr/lib/libpam.2.dylib
0x000000001d14f000 	/usr/lib/libsqlite3.dylib
0x000000001d14f000 	/usr/lib/libxar.1.dylib
0x000000001d14f000 	/usr/lib/libbz2.1.0.dylib
0x000000001d14f000 	/usr/lib/liblzma.5.dylib
0x000000001d14f000 	/usr/lib/libnetwork.dylib
0x000000001d14f000 	/usr/lib/libapple_nghttp2.dylib
0x000000001d14f000 	/usr/lib/libpcap.A.dylib
0x000000001d14f000 	/usr/lib/libboringssl.dylib
0x000000001d14f000 	/usr/lib/libusrtcp.dylib
0x000000001d14f000 	/usr/lib/libapple_crypto.dylib
0x000000001d14f000 	/System/Library/Frameworks/CoreServices.framework/Versions/A/Frameworks/FSEvents.framework/Versions/A/FSEvents
0x000000001d14f000 	/System/Library/Frameworks/CoreServices.framework/Versions/A/Frameworks/CarbonCore.framework/Versions/A/CarbonCore
0x000000001d14f000 	/System/Library/Frameworks/CoreServices.framework/Versions/A/Frameworks/Metadata.framework/Versions/A/Metadata
0x000000001d14f000 	/System/Library/Frameworks/CoreServices.framework/Versions/A/Frameworks/OSServices.framework/Versions/A/OSServices
0x000000001d14f000 	/System/Library/Frameworks/CoreServices.framework/Versions/A/Frameworks/SearchKit.framework/Versions/A/SearchKit
0x000000001d14f000 	/System/Library/Frameworks/CoreServices.framework/Versions/A/Frameworks/AE.framework/Versions/A/AE
0x000000001d14f000 	/System/Library/Frameworks/CoreServices.framework/Versions/A/Frameworks/LaunchServices.framework/Versions/A/LaunchServices
0x000000001d14f000 	/System/Library/Frameworks/CoreServices.framework/Versions/A/Frameworks/DictionaryServices.framework/Versions/A/DictionaryServices
0x000000001d14f000 	/System/Library/Frameworks/CoreServices.framework/Versions/A/Frameworks/SharedFileList.framework/Versions/A/SharedFileList
0x000000001d14f000 	/System/Library/Frameworks/NetFS.framework/Versions/A/NetFS
0x000000001d14f000 	/System/Library/PrivateFrameworks/NetAuth.framework/Versions/A/NetAuth
0x000000001d14f000 	/System/Library/PrivateFrameworks/login.framework/Versions/A/Frameworks/loginsupport.framework/Versions/A/loginsupport
0x000000001d14f000 	/System/Library/PrivateFrameworks/TCC.framework/Versions/A/TCC
0x000000001d14f000 	/usr/lib/libmecabra.dylib
0x000000001d14f000 	/System/Library/Frameworks/ApplicationServices.framework/Versions/A/Frameworks/ATS.framework/Versions/A/ATS
0x000000001d14f000 	/System/Library/Frameworks/ApplicationServices.framework/Versions/A/Frameworks/ColorSyncLegacy.framework/Versions/A/ColorSyncLegacy
0x000000001d14f000 	/System/Library/Frameworks/ApplicationServices.framework/Versions/A/Frameworks/HIServices.framework/Versions/A/HIServices
0x000000001d14f000 	/System/Library/Frameworks/ApplicationServices.framework/Versions/A/Frameworks/LangAnalysis.framework/Versions/A/LangAnalysis
0x000000001d14f000 	/System/Library/Frameworks/ApplicationServices.framework/Versions/A/Frameworks/PrintCore.framework/Versions/A/PrintCore
0x000000001d14f000 	/System/Library/Frameworks/ApplicationServices.framework/Versions/A/Frameworks/QD.framework/Versions/A/QD
0x000000001d14f000 	/System/Library/Frameworks/ApplicationServices.framework/Versions/A/Frameworks/SpeechSynthesis.framework/Versions/A/SpeechSynthesis
0x000000001d14f000 	/System/Library/Frameworks/CoreDisplay.framework/Versions/A/CoreDisplay
0x000000001d14f000 	/System/Library/Frameworks/Accelerate.framework/Versions/A/Frameworks/vImage.framework/Versions/A/vImage
0x000000001d14f000 	/System/Library/Frameworks/Accelerate.framework/Versions/A/Frameworks/vecLib.framework/Versions/A/vecLib
0x000000001d14f000 	/System/Library/Frameworks/Accelerate.framework/Versions/A/Frameworks/vecLib.framework/Versions/A/libvDSP.dylib
0x000000001d14f000 	/System/Library/Frameworks/Accelerate.framework/Versions/A/Frameworks/vecLib.framework/Versions/A/libBNNS.dylib
0x000000001d14f000 	/System/Library/Frameworks/Accelerate.framework/Versions/A/Frameworks/vecLib.framework/Versions/A/libQuadrature.dylib
0x000000001d14f000 	/System/Library/Frameworks/Accelerate.framework/Versions/A/Frameworks/vecLib.framework/Versions/A/libvMisc.dylib
0x000000001d14f000 	/System/Library/Frameworks/Accelerate.framework/Versions/A/Frameworks/vecLib.framework/Versions/A/libLAPACK.dylib
0x000000001d14f000 	/System/Library/Frameworks/Accelerate.framework/Versions/A/Frameworks/vecLib.framework/Versions/A/libBLAS.dylib
0x000000001d14f000 	/System/Library/Frameworks/Accelerate.framework/Versions/A/Frameworks/vecLib.framework/Versions/A/libLinearAlgebra.dylib
0x000000001d14f000 	/System/Library/Frameworks/Accelerate.framework/Versions/A/Frameworks/vecLib.framework/Versions/A/libSparse.dylib
0x000000001d14f000 	/System/Library/Frameworks/Accelerate.framework/Versions/A/Frameworks/vecLib.framework/Versions/A/libSparseBLAS.dylib
0x000000001d14f000 	/System/Library/PrivateFrameworks/GPUWrangler.framework/Versions/A/GPUWrangler
0x000000001d14f000 	/System/Library/PrivateFrameworks/IOAccelerator.framework/Versions/A/IOAccelerator
0x000000001d14f000 	/System/Library/PrivateFrameworks/IOPresentment.framework/Versions/A/IOPresentment
0x000000001d14f000 	/System/Library/PrivateFrameworks/DSExternalDisplay.framework/Versions/A/DSExternalDisplay
0x000000001d14f000 	/System/Library/Frameworks/OpenGL.framework/Versions/A/Libraries/libCoreFSCache.dylib
0x000000001d14f000 	/System/Library/Frameworks/CoreVideo.framework/Versions/A/CoreVideo
0x000000001d14f000 	/System/Library/PrivateFrameworks/GraphVisualizer.framework/Versions/A/GraphVisualizer
0x000000001d14f000 	/System/Library/Frameworks/MetalPerformanceShaders.framework/Versions/A/MetalPerformanceShaders
0x000000001d14f000 	/usr/lib/libFosl_dynamic.dylib
0x000000001d14f000 	/System/Library/PrivateFrameworks/FaceCore.framework/Versions/A/FaceCore
0x000000001d14f000 	/System/Library/Frameworks/OpenCL.framework/Versions/A/OpenCL
0x000000001d14f000 	/usr/lib/libcompression.dylib
0x000000001d14f000 	/System/Library/Frameworks/ApplicationServices.framework/Versions/A/Frameworks/ATS.framework/Versions/A/Resources/libFontParser.dylib
0x000000001d14f000 	/System/Library/Frameworks/ApplicationServices.framework/Versions/A/Frameworks/ATS.framework/Versions/A/Resources/libFontRegistry.dylib
0x000000001d14f000 	/System/Library/Frameworks/ImageIO.framework/Versions/A/Resources/libJPEG.dylib
0x000000001d14f000 	/System/Library/Frameworks/ImageIO.framework/Versions/A/Resources/libTIFF.dylib
0x000000001d14f000 	/System/Library/Frameworks/ImageIO.framework/Versions/A/Resources/libPng.dylib
0x000000001d14f000 	/System/Library/Frameworks/ImageIO.framework/Versions/A/Resources/libGIF.dylib
0x000000001d14f000 	/System/Library/Frameworks/ImageIO.framework/Versions/A/Resources/libJP2.dylib
0x000000001d14f000 	/System/Library/Frameworks/ImageIO.framework/Versions/A/Resources/libRadiance.dylib
0x000000001d14f000 	/System/Library/PrivateFrameworks/AppleJPEG.framework/Versions/A/AppleJPEG
0x000000001d14f000 	/System/Library/Frameworks/MetalPerformanceShaders.framework/Frameworks/MPSCore.framework/Versions/A/MPSCore
0x000000001d14f000 	/System/Library/Frameworks/MetalPerformanceShaders.framework/Frameworks/MPSImage.framework/Versions/A/MPSImage
0x000000001d14f000 	/System/Library/Frameworks/MetalPerformanceShaders.framework/Frameworks/MPSNeuralNetwork.framework/Versions/A/MPSNeuralNetwork
0x000000001d14f000 	/System/Library/Frameworks/MetalPerformanceShaders.framework/Frameworks/MPSMatrix.framework/Versions/A/MPSMatrix
0x000000001d14f000 	/System/Library/PrivateFrameworks/MetalTools.framework/Versions/A/MetalTools
0x000000001d14f000 	/System/Library/Frameworks/OpenGL.framework/Versions/A/Libraries/libGLU.dylib
0x000000001d14f000 	/System/Library/Frameworks/OpenGL.framework/Versions/A/Libraries/libGFXShared.dylib
0x000000001d14f000 	/System/Library/Frameworks/OpenGL.framework/Versions/A/Libraries/libGL.dylib
0x000000001d14f000 	/System/Library/Frameworks/OpenGL.framework/Versions/A/Libraries/libGLImage.dylib
0x000000001d14f000 	/System/Library/Frameworks/OpenGL.framework/Versions/A/Libraries/libCVMSPluginSupport.dylib
0x000000001d14f000 	/System/Library/Frameworks/OpenGL.framework/Versions/A/Libraries/libCoreVMClient.dylib
0x000000001d14f000 	/usr/lib/libcups.2.dylib
0x000000001d14f000 	/System/Library/Frameworks/Kerberos.framework/Versions/A/Kerberos
0x000000001d14f000 	/System/Library/Frameworks/GSS.framework/Versions/A/GSS
0x000000001d14f000 	/usr/lib/libresolv.9.dylib
0x000000001d14f000 	/usr/lib/libiconv.2.dylib
0x000000001d14f000 	/System/Library/PrivateFrameworks/Heimdal.framework/Versions/A/Heimdal
0x000000001d14f000 	/usr/lib/libheimdal-asn1.dylib
0x000000001d14f000 	/System/Library/Frameworks/OpenDirectory.framework/Versions/A/OpenDirectory
0x000000001d14f000 	/System/Library/PrivateFrameworks/CommonAuth.framework/Versions/A/CommonAuth
0x000000001d14f000 	/System/Library/Frameworks/OpenDirectory.framework/Versions/A/Frameworks/CFOpenDirectory.framework/Versions/A/CFOpenDirectory
0x000000001d14f000 	/System/Library/Frameworks/SecurityFoundation.framework/Versions/A/SecurityFoundation
0x000000001d14f000 	/System/Library/PrivateFrameworks/APFS.framework/Versions/A/APFS
0x000000001d14f000 	/usr/lib/libutil.dylib
0x000000001d14f000 	/System/Library/PrivateFrameworks/AppleSauce.framework/Versions/A/AppleSauce
0x000000001d14f000 	/System/Library/PrivateFrameworks/LinguisticData.framework/Versions/A/LinguisticData
0x000000001d14f000 	/usr/lib/libmarisa.dylib
0x000000001d14f000 	/System/Library/PrivateFrameworks/Lexicon.framework/Versions/A/Lexicon
0x000000001d14f000 	/usr/lib/libChineseTokenizer.dylib
0x000000001d14f000 	/usr/lib/libcmph.dylib
0x000000001d14f000 	/System/Library/PrivateFrameworks/LanguageModeling.framework/Versions/A/LanguageModeling
0x000000001d14f000 	/System/Library/PrivateFrameworks/CoreEmoji.framework/Versions/A/CoreEmoji
0x000000001d14f000 	/System/Library/Frameworks/ServiceManagement.framework/Versions/A/ServiceManagement
0x000000001d14f000 	/System/Library/PrivateFrameworks/BackgroundTaskManagement.framework/Versions/A/BackgroundTaskManagement
0x000000001d14f000 	/usr/lib/libxslt.1.dylib
0x000000001d14f000 	/System/Library/Frameworks/Carbon.framework/Versions/A/Frameworks/Ink.framework/Versions/A/Ink
0x000000001d14f000 	/System/Library/PrivateFrameworks/TextureIO.framework/Versions/A/TextureIO
0x000000001d14f000 	/usr/lib/libate.dylib
0x000000001d14f000 	/System/Library/PrivateFrameworks/CrashReporterSupport.framework/Versions/A/CrashReporterSupport
0x000000001d14f000 	/System/Library/PrivateFrameworks/Sharing.framework/Versions/A/Sharing
0x000000001d14f000 	/System/Library/PrivateFrameworks/IconServices.framework/Versions/A/IconServices
0x000000001d14f000 	/System/Library/PrivateFrameworks/Apple80211.framework/Versions/A/Apple80211
0x000000001d14f000 	/System/Library/PrivateFrameworks/CoreUtils.framework/Versions/A/CoreUtils
0x000000001d14f000 	/System/Library/Frameworks/CoreWLAN.framework/Versions/A/CoreWLAN
0x000000001d14f000 	/System/Library/Frameworks/IOBluetooth.framework/Versions/A/IOBluetooth
0x000000001d14f000 	/System/Library/PrivateFrameworks/ProtocolBuffer.framework/Versions/A/ProtocolBuffer
0x000000001d14f000 	/System/Library/PrivateFrameworks/CoreWiFi.framework/Versions/A/CoreWiFi
0x000000001d14f000 	/System/Library/Frameworks/CoreBluetooth.framework/Versions/A/CoreBluetooth
0x000000001d14f000 	/System/Library/PrivateFrameworks/DebugSymbols.framework/Versions/A/DebugSymbols
0x000000001d14f000 	/System/Library/PrivateFrameworks/CoreSymbolication.framework/Versions/A/CoreSymbolication
0x000000001d14f000 	/System/Library/PrivateFrameworks/Symbolication.framework/Versions/A/Symbolication
0x000000001d14f000 	/System/Library/PrivateFrameworks/AppleFSCompression.framework/Versions/A/AppleFSCompression
0x000000001d14f000 	/System/Library/PrivateFrameworks/SpeechRecognitionCore.framework/Versions/A/SpeechRecognitionCore
0x000000010ee00000 	/Library/Java/JavaVirtualMachines/jdk1.8.0_131.jdk/Contents/Home/jre/lib/server/libjvm.dylib
0x000000001d14f000 	/usr/lib/libstdc++.6.0.9.dylib
0x000000010e527000 	/Library/Java/JavaVirtualMachines/jdk1.8.0_131.jdk/Contents/Home/jre/lib/libverify.dylib
0x000000010e535000 	/Library/Java/JavaVirtualMachines/jdk1.8.0_131.jdk/Contents/Home/jre/lib/libjava.dylib
0x000000010e56b000 	/Library/Java/JavaVirtualMachines/jdk1.8.0_131.jdk/Contents/Home/jre/lib/libinstrument.dylib
0x000000010e5c9000 	/Library/Java/JavaVirtualMachines/jdk1.8.0_131.jdk/Contents/Home/jre/lib/libzip.dylib
0x000000001d14f000 	/System/Library/Frameworks/JavaVM.framework/Versions/A/Frameworks/JavaRuntimeSupport.framework/Versions/A/JavaRuntimeSupport
0x000000001d14f000 	/System/Library/Frameworks/JavaVM.framework/Versions/A/Frameworks/JavaNativeFoundation.framework/Versions/A/JavaNativeFoundation
0x000000001d14f000 	/System/Library/Frameworks/JavaVM.framework/Versions/A/JavaVM
0x000000001d14f000 	/System/Library/Frameworks/Carbon.framework/Versions/A/Carbon
0x000000001d14f000 	/System/Library/PrivateFrameworks/JavaLaunching.framework/Versions/A/JavaLaunching
0x000000001d14f000 	/System/Library/Frameworks/Carbon.framework/Versions/A/Frameworks/CommonPanels.framework/Versions/A/CommonPanels
0x000000001d14f000 	/System/Library/Frameworks/Carbon.framework/Versions/A/Frameworks/Help.framework/Versions/A/Help
0x000000001d14f000 	/System/Library/Frameworks/Carbon.framework/Versions/A/Frameworks/ImageCapture.framework/Versions/A/ImageCapture
0x000000001d14f000 	/System/Library/Frameworks/Carbon.framework/Versions/A/Frameworks/OpenScripting.framework/Versions/A/OpenScripting
0x000000001d14f000 	/System/Library/Frameworks/Carbon.framework/Versions/A/Frameworks/Print.framework/Versions/A/Print
0x000000001d14f000 	/System/Library/Frameworks/Carbon.framework/Versions/A/Frameworks/SecurityHI.framework/Versions/A/SecurityHI
0x0000000115985000 	/Library/Java/JavaVirtualMachines/jdk1.8.0_131.jdk/Contents/Home/jre/lib/libnet.dylib
0x00000001161e4000 	/Library/Java/JavaVirtualMachines/jdk1.8.0_131.jdk/Contents/Home/jre/lib/libmanagement.dylib
0x00000001167f2000 	/Library/Java/JavaVirtualMachines/jdk1.8.0_131.jdk/Contents/Home/jre/lib/libnio.dylib

VM Arguments:
jvm_args: -Dendpoints.shutdown.enabled=true -Denv=development -Dfull.stacktrace=false -Dgrails.env=development -Dgrails.full.stacktrace=false -Dinfo.app.grailsVersion=3.3.3 -Dinfo.app.name=UserTrackingSystem -Dinfo.app.version=0.1 -Djdk.reflect.allowGetCallerClass=true -Drun.active=true -Dspring.output.ansi.enabled=always -Dspring.profiles.active -Dspringloaded=inclusions=grails.plugins..*;synchronize=true;allowSplitPackages=true;cacheDir=/Users/giivanov/IntelliJWorkspace/UserTrackingSystem/build/springloaded -Dverbose=false -XX:+TieredCompilation -XX:TieredStopAtLevel=1 -XX:CICompilerCount=3 -javaagent:/Users/giivanov/.gradle/caches/modules-2/files-2.1/org.springframework/springloaded/1.2.8.RELEASE/b60bac05b0451cdc1863bfec617f39aa0dcaaa43/springloaded-1.2.8.RELEASE.jar -Xverify:none -Xms768m -Xmx768m -Dfile.encoding=UTF-8 -Duser.country=US -Duser.language=en -Duser.variant 
java_command: usertrackingsystem.Application
java_class_path (initial): /Users/giivanov/IntelliJWorkspace/UserTrackingSystem/src/main/resources:/Users/giivanov/IntelliJWorkspace/UserTrackingSystem/grails-app/views:/Users/giivanov/IntelliJWorkspace/UserTrackingSystem/grails-app/i18n:/Users/giivanov/IntelliJWorkspace/UserTrackingSystem/grails-app/conf:/Users/giivanov/IntelliJWorkspace/UserTrackingSystem/build/classes/main:/Users/giivanov/IntelliJWorkspace/UserTrackingSystem/build/resources/main:/Users/giivanov/IntelliJWorkspace/UserTrackingSystem/gsp-classes:/Users/giivanov/.gradle/caches/modules-2/files-2.1/org.springframework.boot/spring-boot-starter-logging/1.5.10.RELEASE/62c73688208b3173645d6701fc3eb95ca657e6c8/spring-boot-starter-logging-1.5.10.RELEASE.jar:/Users/giivanov/.gradle/caches/modules-2/files-2.1/org.springframework.boot/spring-boot-autoconfigure/1.5.10.RELEASE/be96efab0d35181f18c486b0ec8d6a41a7042fce/spring-boot-autoconfigure-1.5.10.RELEASE.jar:/Users/giivanov/.gradle/caches/modules-2/files-2.1/org.grails/grails-core/3.3.3/d4c4009f80b7ace2c4166958cde76a3b832ed744/grails-core-3.3.3.jar:/Users/giivanov/.gradle/caches/modules-2/files-2.1/org.springframework.boot/spring-boot-starter-actuator/1.5.10.RELEASE/64cfc9842b6b608b132ff258934db9045733f678/spring-boot-starter-actuator-1.5.10.RELEASE.jar:/Users/giivanov/.gradle/caches/modules-2/files-2.1/org.springframework.boot/spring-boot-starter-tomcat/1.5.10.RELEASE/11e474e265f1c68fc435dddbac42ab3574b5e4b6/spring-boot-starter-tomcat-1.5.10.RELEASE.jar:/Users/giivanov/.gradle/caches/modules-2/files-2.1/org.grails/grails-web-boot/3.3.3/250a1fbfda2120ceff882feb23fe4935c28b6661/grails-web-boot-3.3.3.jar:/Users/giivanov/.gradle/caches/modules-2/files-2.1/org.grails/grails-logging/3.3.3/3ef362b591c2a0ab5088687a9ea03c8a4451d598/grails-logging-3.3.3.jar:/Users/giivanov/.gradle/caches/modules-2/files-2.1/org.grails/grails-plugin-rest/3.3.3/abd7438963de31ad39c21dec46e94f903b08a2cc/grails-plugin-rest-3.3.3.jar:/Users/giivanov/.gradle/caches/modules-2/files-2.1/org.g
Launcher Type: SUN_STANDARD

Environment Variables:
PATH=/Users/giivanov/.sdkman/candidates/grails/current/bin:/usr/local/bin:/usr/bin:/bin:/usr/sbin:/sbin:/usr/local/share/dotnet:/Library/Frameworks/Mono.framework/Versions/Current/Commands:/Applications/Xamarin Workbooks.app/Contents/SharedSupport/path-bin
SHELL=/bin/bash

Signal Handlers:
SIGSEGV: [libjvm.dylib+0x5b1eb1], sa_mask[0]=11111111011111110111111111111111, sa_flags=SA_ONSTACK|SA_RESTART|SA_SIGINFO
SIGBUS: [libjvm.dylib+0x5b1eb1], sa_mask[0]=11111111011111110111111111111111, sa_flags=SA_RESTART|SA_SIGINFO
SIGFPE: [libjvm.dylib+0x488988], sa_mask[0]=11111111011111110111111111111111, sa_flags=SA_RESTART|SA_SIGINFO
SIGPIPE: [libjvm.dylib+0x488988], sa_mask[0]=11111111011111110111111111111111, sa_flags=SA_RESTART|SA_SIGINFO
SIGXFSZ: [libjvm.dylib+0x488988], sa_mask[0]=11111111011111110111111111111111, sa_flags=SA_RESTART|SA_SIGINFO
SIGILL: [libjvm.dylib+0x488988], sa_mask[0]=11111111011111110111111111111111, sa_flags=SA_RESTART|SA_SIGINFO
SIGUSR1: SIG_DFL, sa_mask[0]=00000000000000000000000000000000, sa_flags=none
SIGUSR2: [libjvm.dylib+0x4884a6], sa_mask[0]=00100000000000000000000000000000, sa_flags=SA_RESTART|SA_SIGINFO
SIGHUP: [libjvm.dylib+0x486a7d], sa_mask[0]=11111111011111110111111111111111, sa_flags=SA_RESTART|SA_SIGINFO
SIGINT: [libjvm.dylib+0x486a7d], sa_mask[0]=11111111011111110111111111111111, sa_flags=SA_RESTART|SA_SIGINFO
SIGTERM: [libjvm.dylib+0x486a7d], sa_mask[0]=11111111011111110111111111111111, sa_flags=SA_RESTART|SA_SIGINFO
SIGQUIT: [libjvm.dylib+0x486a7d], sa_mask[0]=11111111011111110111111111111111, sa_flags=SA_RESTART|SA_SIGINFO


---------------  S Y S T E M  ---------------

OS:Bsduname:Darwin 17.5.0 Darwin Kernel Version 17.5.0: Mon Mar  5 22:24:32 PST 2018; root:xnu-4570.51.1~1/RELEASE_X86_64 x86_64
rlimit: STACK 8192k, CORE 0k, NPROC 1418, NOFILE 10240, AS infinity
load average:2.81 3.40 3.09

CPU:total 4 (initial active 4) (2 cores per cpu, 2 threads per core) family 6 model 69 stepping 1, cmov, cx8, fxsr, mmx, sse, sse2, sse3, ssse3, sse4.1, sse4.2, popcnt, avx, avx2, aes, clmul, erms, lzcnt, ht, tsc, tscinvbit, bmi1, bmi2

Memory: 4k page, physical 16777216k(2021360k free)

/proc/meminfo:


vm_info: Java HotSpot(TM) 64-Bit Server VM (25.131-b11) for bsd-amd64 JRE (1.8.0_131-b11), built on Mar 15 2017 01:32:22 by "java_re" with gcc 4.2.1 (Based on Apple Inc. build 5658) (LLVM build 2336.11.00)

time: Sat Apr 28 13:02:37 2018
elapsed time: 212 seconds (0d 0h 3m 32s)

